MPASM 03.80 Released                                 DEMO.ASM   6-5-2005  22:46:20         PAGE  1


LOC  OBJECT CODE     LINE SOURCE TEXT
  VALUE

                      00001 ; File DEMO.ASM
                      00002 ; Assembly code for PIC16F84 microcontroller
                      00003 
                      00004 ; Blinks LEDs on outputs in a rotating pattern.
                      00005 ; With 75-kHz osc, each LED stays on 1/2 second.
                      00006 
                      00007 ; CPU configuration
                      00008 ;       (It's a 16F84, RC oscillator,
                      00009 ;       watchdog timer off, power-up timer on)
                      00010 
Warning[215]: Processor superseded by command line.  Verify processor symbol.
                      00011         processor 16f84
                      00012         include   <p16f84.inc>
                      00001         LIST
                      00002 ; P16F84.INC  Standard Header File, Version 2.00    Microchip Technology, Inc.
Message[301]: MESSAGE: (Processor-header file mismatch.  Verify selected processor.)
Error[126]  : Argument out of range (must be greater than or equal to 255)
Error[126]  : Argument out of range (__MAXRAM must be used first)
Error[126]  : Argument out of range (__MAXRAM must be used first)
Error[126]  : Argument out of range (__MAXRAM must be used first)
                      00136         LIST
Error[126]  : Argument out of range (not a valid config register address)
                      00013         __config  _RC_OSC & _WDT_OFF & _PWRTE_ON
                      00014 
                      00015 ; Declare variables at 2 memory locations
                      00016 
  0000001F            00017 J       equ     H'1F'     ; J = address hex 1F
  0000001E            00018 K       equ     H'1E'     ; K = address hex 1E
                      00019 
                      00020 ; Program
                      00021 
000000                00022         org     0         ; start at address 0
                      00023 
                      00024         ; Set port B as output and initialize it
                      00025 
000000 0E00           00026         movlw   B'00000000'     ; w := 00000000 binary
Warning[207]: Found label after column 1. (tris)
Error[122]  : Illegal opcode (PORTB)
000000 0E00           00027         tris    PORTB           ; port B ctrl register := w
000002 0E01           00028         movlw   B'00000001'     ; w := 00000001 binary
000004 6E06           00029         movwf   PORTB           ; port B itself := w
                      00030         
                      00031         ; Rotate the bits of port B leftward
                      00032 
Error[122]  : Illegal opcode (rlf)
                      00033 mloop:  rlf     PORTB,f 
                      00034 
                      00035         ; Waste some time by executing nested loops
                      00036 
000006 0E32           00037         movlw   D'50'   ; w := 50 decimal
000008 6E1F           00038         movwf   J       ; J := w
00000A 6E1E           00039 jloop:  movwf   K       ; K := w
00000C 2E1E           00040 kloop:  decfsz  K,f     ; K = K-1, skip next if zero
MPASM 03.80 Released                                 DEMO.ASM   6-5-2005  22:46:20         PAGE  2


LOC  OBJECT CODE     LINE SOURCE TEXT
  VALUE

00000E EF06 F000      00041         goto    kloop
000012 2E1F           00042         decfsz  J,f     ; J = J-1, skip next if zero
000014 EF05 F000      00043         goto    jloop
                      00044 
                      00045         ; Do it all again
                      00046 
Error[113]  : Symbol not previously defined (mloop)
000018 EF00 F000      00047         goto    mloop
                      00048 
                      00049         end     
MPASM 03.80 Released                                 DEMO.ASM   6-5-2005  22:46:20         PAGE  3


SYMBOL TABLE
  LABEL                             VALUE 

C                                 00000000
DC                                00000001
EEADR                             00000009
EECON1                            00000088
EECON2                            00000089
EEDATA                            00000008
EEIE                              00000006
EEIF                              00000004
F                                 00000001
FSR                               00000004
GIE                               00000007
INDF                              00000000
INTCON                            0000000B
INTE                              00000004
INTEDG                            00000006
INTF                              00000001
IRP                               00000007
J                                 0000001F
K                                 0000001E
NOT_PD                            00000003
NOT_RBPU                          00000007
NOT_TO                            00000004
OPTION_REG                        00000081
PCL                               00000002
PCLATH                            0000000A
PORTA                             00000005
PORTB                             00000006
PS0                               00000000
PS1                               00000001
PS2                               00000002
PSA                               00000003
RBIE                              00000003
RBIF                              00000000
RD                                00000000
RP0                               00000005
RP1                               00000006
STATUS                            00000003
T0CS                              00000005
T0IE                              00000005
T0IF                              00000002
T0SE                              00000004
TMR0                              00000001
TRISA                             00000085
TRISB                             00000086
W                                 00000000
WR                                00000001
WREN                              00000002
WRERR                             00000003
Z                                 00000002
_CP_OFF                           00003FFF
_CP_ON                            0000000F
_HS_OSC                           00003FFE
_LP_OSC                           00003FFC
MPASM 03.80 Released                                 DEMO.ASM   6-5-2005  22:46:20         PAGE  4


SYMBOL TABLE
  LABEL                             VALUE 

_PWRTE_OFF                        00003FFF
_PWRTE_ON                         00003FF7
_RC_OSC                           00003FFF
_WDT_OFF                          00003FFB
_WDT_ON                           00003FFF
_XT_OSC                           00003FFD
__18F452                          00000001
jloop                             0000000A
kloop                             0000000C


MEMORY USAGE MAP ('X' = Used,  '-' = Unused)

0000 : XXXXXXXXXXXXXXXX XXXXXXXXXXXX---- ---------------- ----------------

All other memory blocks unused.

Program Memory Bytes Used:    28
Program Memory Bytes Free: 32740


Errors   :     8
Warnings :     2 reported,     0 suppressed
Messages :     1 reported,     0 suppressed

